.CODE
PUSH simple_heap_init
CALL
PUSH lblMetmain@Init
CALL
HALT

simple_heap_init: RET 0 ; Retorna inmediatamente

simple_malloc: LOADFP     ; Inicializacion unidad
LOADSP
STOREFP ; Finaliza inicializacion del RA
LOADHL ; hl
DUP ; hl
PUSH 1 ; 1
ADD ; hl+1
STORE 4 ; Guarda el resultado (un puntero a la primer celda de la region de memoria)
LOAD 3 ; Carga la cantidad de celdas a alojar (parametro que debe ser positivo)
ADD
STOREHL ; Mueve el heap limit (hl). Expande el heap
STOREFP
RET 1     ; Retorna eliminando el parametro

.DATA
lblVTObject: NOP

.CODE
lblConstructor@Object: LOADFP ; Apila el valor del registro fp
LOADSP ; Apila el valor del registro sp
STOREFP ; Almacena el tope de la pila en el registro fp
FMEM 0
STOREFP ; Almacena el tope de la pila en el registro fp
RET 1 ; Libera los parametros y retorna de la unidad

lblMetdebugPrint@Object: LOADFP ; Apila el valor del registro fp
LOADSP
STOREFP
LOAD 3 ; Lee i
IPRINT ; Imprime i
STOREFP
RET 1

.DATA
lblVTString: NOP

.CODE
lblConstructor@String: LOADFP ; Apila el valor del registro fp
LOADSP ; Apila el valor del registro sp
STOREFP ; Almacena el tope de la pila en el registro fp
FMEM 0
STOREFP ; Almacena el tope de la pila en el registro fp
RET 1 ; Libera los parametros y retorna de la unidad

.DATA
lblVTSystem: NOP

.CODE
lblConstructor@System: LOADFP ; Apila el valor del registro fp
LOADSP ; Apila el valor del registro sp
STOREFP ; Almacena el tope de la pila en el registro fp
FMEM 0
STOREFP ; Almacena el tope de la pila en el registro fp
RET 1 ; Libera los parametros y retorna de la unidad

lblMetread@System: LOADFP
LOADSP
STOREFP
READ ; Lee tope de la pila
PUSH 48 ; Por ASCII
SUB
STORE 3 ; Guarda en retorno el tope
STOREFP
RET 0

lblMetprintB@System: LOADFP
LOADSP
STOREFP
LOAD 3 
BPRINT 
STOREFP
RET 1

lblMetprintC@System: LOADFP
LOADSP
STOREFP
LOAD 3 
CPRINT 
STOREFP
RET 1

lblMetprintI@System: LOADFP
LOADSP
STOREFP
LOAD 3 
IPRINT 
STOREFP
RET 1

lblMetprintS@System: LOADFP
LOADSP
STOREFP
LOAD 3 
SPRINT 
STOREFP
RET 1

lblMetprintln@System: LOADFP
LOADSP
STOREFP
PRNLN
STOREFP
RET 0

lblMetprintBln@System: LOADFP
LOADSP
STOREFP
LOAD 3 
BPRINT 
PRNLN
STOREFP
RET 1

lblMetprintCln@System: LOADFP
LOADSP
STOREFP
LOAD 3 
CPRINT 
PRNLN
STOREFP
RET 1

lblMetprintIln@System:LOADFP
LOADSP
STOREFP
LOAD 3 
IPRINT 
PRNLN
STOREFP
RET 1

lblMetprintSln@System: LOADFP
LOADSP
STOREFP
LOAD 3 
SPRINT 
PRNLN
STOREFP
RET 1

.DATA
lblVTInit: NOP

.CODE
lblConstructor@Init:LOADFP ; Apila el valor del registro fp
LOADSP ; Apila el valor del registro sp
STOREFP ; Almacena el tope de la pila en el registro fp
FMEM 0
STOREFP ; Almacena el tope de la pila en el registro fp
RET 1 ; Libera los parametros y retorna de la unidad

lblMetmain@Init: LOADFP
LOADSP
STOREFP
RMEM 1
RMEM 1
PUSH 1 ; atributos y VT
PUSH simple_malloc ; reservar heap
CALL
DUP
PUSH lblVTWhileLoop ; Etiqueta de la VT
STOREREF 0
DUP
PUSH lblConstructor@WhileLoop
CALL
STORE 0
LOAD 0 ; Cargo la direccion de var
RMEM 1 ; Reservo lugar para el retorno
SWAP
DUP ; Duplico this
LOADREF 0 ; Cargo VT
LOADREF 0 ; Cargo metodo countTo10
CALL ; Llamo metodo
PUSH lblMetdebugPrint@Object
CALL
FMEM 1
STOREFP
RET 0 ; Libera los parametros y retorna de la unidad
.DATA
lblVTWhileLoop: DW lblMetcountTo10@WhileLoop

.CODE
lblConstructor@WhileLoop:LOADFP ; Apila el valor del registro fp
LOADSP ; Apila el valor del registro sp
STOREFP ; Almacena el tope de la pila en el registro fp
FMEM 0
STOREFP ; Almacena el tope de la pila en el registro fp
RET 1 ; Libera los parametros y retorna de la unidad

lblMetcountTo10@WhileLoop: LOADFP
LOADSP
STOREFP
RMEM 1
PUSH 0
STORE 0
while0: NOP
LOAD 0 ; Cargo la direccion de var
PUSH 10
LT
BF whilefin1
LOAD 0 ; Cargo la direccion de var
PUSH 1
ADD
STORE 0 ; Guardo valor en var
JUMP while0 ; salta a la cond
whilefin1: NOP
LOAD 0 ; Cargo la direccion de var
STORE 4; Guardo retorno
FMEM 1
STOREFP ; Usa ED para volver a RA llamador
RET 1 ; Libera los parametros y retorna de la unidad
FMEM 1
STOREFP
RET 1 ; Libera los parametros y retorna de la unidad
